::1 - - [15/Jan/2023:18:17:13 +0000] "GET /upload HTTP/1.1" 404 139
::1 - - [15/Jan/2023:18:17:21 +0000] "POST /upload HTTP/1.1" 404 139
::1 - - [15/Jan/2023:18:17:44 +0000] "POST /api/upload HTTP/1.1" 401 43
::1 - - [15/Jan/2023:18:18:08 +0000] "POST /api/upload HTTP/1.1" 401 43
::1 - - [15/Jan/2023:18:18:51 +0000] "POST /api/upload HTTP/1.1" 401 43
::1 - - [15/Jan/2023:18:20:20 +0000] "POST /api/upload HTTP/1.1" 401 43
::1 - - [15/Jan/2023:18:23:13 +0000] "POST /api/upload HTTP/1.1" 401 43
::1 - - [15/Jan/2023:18:23:24 +0000] "POST /api/upload HTTP/1.1" 200 15
::1 - - [15/Jan/2023:18:24:21 +0000] "POST /api/upload HTTP/1.1" 200 15
::1 - - [15/Jan/2023:18:25:40 +0000] "POST /api/upload HTTP/1.1" 500 15
::1 - - [15/Jan/2023:18:28:00 +0000] "POST /api/upload HTTP/1.1" 200 15
::1 - - [15/Jan/2023:18:29:49 +0000] "POST /api/upload HTTP/1.1" 500 15
::1 - - [15/Jan/2023:18:30:42 +0000] "POST /api/upload HTTP/1.1" 500 15
::1 - - [15/Jan/2023:18:30:52 +0000] "POST /api/upload HTTP/1.1" 500 15
::1 - - [15/Jan/2023:18:58:12 +0000] "POST /api/upload HTTP/1.1" 404 139
::1 - - [15/Jan/2023:18:59:50 +0000] "POST /api/upload HTTP/1.1" 404 139
::1 - - [15/Jan/2023:19:00:41 +0000] "POST /api/upload HTTP/1.1" 404 139
::1 - - [15/Jan/2023:19:02:18 +0000] "POST /api/upload HTTP/1.1" 404 139
::1 - - [15/Jan/2023:19:03:17 +0000] "POST /api/upload HTTP/1.1" 404 139
::1 - - [15/Jan/2023:19:04:01 +0000] "POST /api/upload HTTP/1.1" 404 139
::1 - - [15/Jan/2023:19:06:50 +0000] "POST /api/upload HTTP/1.1" 200 15
::1 - - [15/Jan/2023:19:07:13 +0000] "POST /api/upload HTTP/1.1" 404 139
::1 - - [15/Jan/2023:19:19:49 +0000] "POST /api/upload HTTP/1.1" 404 139
::1 - - [15/Jan/2023:19:22:52 +0000] "POST /api/upload HTTP/1.1" 500 21
::1 - - [15/Jan/2023:19:54:41 +0000] "POST /api/upload HTTP/1.1" 500 21
::1 - - [15/Jan/2023:19:55:52 +0000] "POST /api/upload HTTP/1.1" 500 21
::1 - - [15/Jan/2023:19:56:19 +0000] "POST /api/upload HTTP/1.1" 500 21
::1 - - [15/Jan/2023:19:58:02 +0000] "POST /api/upload HTTP/1.1" 500 21
::1 - - [15/Jan/2023:19:58:43 +0000] "POST /api/upload HTTP/1.1" 200 15
::1 - - [15/Jan/2023:20:01:08 +0000] "POST /api/upload HTTP/1.1" 404 139
::1 - - [15/Jan/2023:20:01:27 +0000] "POST /api/upload HTTP/1.1" 404 139
::1 - - [15/Jan/2023:20:04:10 +0000] "POST /api/upload HTTP/1.1" 500 21
::1 - - [15/Jan/2023:20:15:02 +0000] "POST /api/upload HTTP/1.1" 500 21
::1 - - [15/Jan/2023:20:18:15 +0000] "POST /api/upload HTTP/1.1" 500 21
::1 - - [15/Jan/2023:20:18:28 +0000] "POST /api/upload HTTP/1.1" 500 21
::1 - - [15/Jan/2023:20:22:26 +0000] "POST /api/upload HTTP/1.1" 500 21
::1 - - [15/Jan/2023:20:22:42 +0000] "POST /api/upload HTTP/1.1" 500 21
::1 - - [15/Jan/2023:20:22:54 +0000] "POST /api/upload HTTP/1.1" 500 21
::1 - - [15/Jan/2023:20:23:58 +0000] "POST /api/upload HTTP/1.1" 500 21
::1 - - [15/Jan/2023:20:29:48 +0000] "POST /api/upload HTTP/1.1" 200 15
::1 - - [15/Jan/2023:20:30:11 +0000] "POST /api/upload HTTP/1.1" 200 15
::1 - - [15/Jan/2023:20:40:20 +0000] "POST /api/upload HTTP/1.1" 200 15
::1 - - [15/Jan/2023:20:40:20 +0000] "POST /api/upload HTTP/1.1" 200 15
::1 - - [15/Jan/2023:20:40:35 +0000] "POST /api/upload HTTP/1.1" 200 15
::1 - - [15/Jan/2023:20:41:16 +0000] "POST /api/upload HTTP/1.1" 200 15
::1 - - [15/Jan/2023:20:43:39 +0000] "POST /api/upload HTTP/1.1" 200 15
::1 - - [15/Jan/2023:20:46:43 +0000] "POST /api/upload HTTP/1.1" 200 15
::1 - - [15/Jan/2023:20:48:50 +0000] "POST /api/upload HTTP/1.1" 404 139
::1 - - [15/Jan/2023:20:50:38 +0000] "POST /api/upload HTTP/1.1" 404 139
::1 - - [15/Jan/2023:20:50:59 +0000] "POST /api/upload HTTP/1.1" 404 139
::1 - - [15/Jan/2023:20:52:03 +0000] "POST /api/upload HTTP/1.1" 404 139
::1 - - [15/Jan/2023:20:52:19 +0000] "POST /api/upload HTTP/1.1" 404 139
::1 - - [15/Jan/2023:20:52:28 +0000] "POST /api/upload HTTP/1.1" 200 15
::1 - - [15/Jan/2023:20:53:01 +0000] "POST /api/upload HTTP/1.1" 200 15
::1 - - [15/Jan/2023:20:58:02 +0000] "POST /api/upload HTTP/1.1" 200 15
::1 - - [15/Jan/2023:20:58:55 +0000] "POST /api/upload HTTP/1.1" 200 15
::1 - - [15/Jan/2023:20:59:44 +0000] "POST /api/upload HTTP/1.1" 404 139
::1 - - [15/Jan/2023:21:00:37 +0000] "POST /api/upload HTTP/1.1" 200 139
::1 - - [15/Jan/2023:21:00:45 +0000] "POST /api/upload HTTP/1.1" 200 139
::1 - - [15/Jan/2023:21:02:17 +0000] "POST /api/upload HTTP/1.1" 200 139
::1 - - [15/Jan/2023:21:02:26 +0000] "POST /api/upload HTTP/1.1" 200 139
::1 - - [15/Jan/2023:21:02:42 +0000] "POST /api/upload HTTP/1.1" 200 139
::1 - - [15/Jan/2023:21:04:12 +0000] "POST /api/upload HTTP/1.1" 404 139
::1 - - [15/Jan/2023:21:04:44 +0000] "POST /api/upload HTTP/1.1" 404 139
::1 - - [15/Jan/2023:21:06:17 +0000] "POST /api/upload HTTP/1.1" 404 139
::1 - - [15/Jan/2023:21:07:04 +0000] "POST /api/upload HTTP/1.1" 404 139
::1 - - [15/Jan/2023:21:07:36 +0000] "POST /api/upload HTTP/1.1" 404 139
::1 - - [15/Jan/2023:21:11:56 +0000] "POST /api/upload HTTP/1.1" 404 139
::1 - - [15/Jan/2023:21:12:30 +0000] "POST /api/upload HTTP/1.1" 404 139
::1 - - [15/Jan/2023:21:15:48 +0000] "POST /api/upload HTTP/1.1" 200 15
::1 - - [15/Jan/2023:21:16:14 +0000] "POST /api/upload HTTP/1.1" 200 15
::1 - - [15/Jan/2023:21:16:35 +0000] "POST /api/upload HTTP/1.1" 200 15
::1 - - [15/Jan/2023:21:17:16 +0000] "POST /api/upload HTTP/1.1" 200 2
::1 - - [15/Jan/2023:21:18:07 +0000] "POST /api/upload HTTP/1.1" 200 15
::1 - - [15/Jan/2023:21:25:50 +0000] "POST /api/upload HTTP/1.1" 200 18
::1 - - [15/Jan/2023:21:26:36 +0000] "POST /api/upload HTTP/1.1" 200 18
::1 - - [15/Jan/2023:21:31:31 +0000] "POST /api/upload HTTP/1.1" 200 15
::1 - - [15/Jan/2023:21:32:02 +0000] "POST /api/upload HTTP/1.1" 200 18
::1 - - [15/Jan/2023:21:33:20 +0000] "POST /api/upload HTTP/1.1" 200 108
::1 - - [15/Jan/2023:21:33:42 +0000] "POST /api/upload HTTP/1.1" 200 101
::1 - - [15/Jan/2023:21:34:16 +0000] "POST /api/upload HTTP/1.1" 200 101
::1 - - [15/Jan/2023:21:34:39 +0000] "POST /api/upload HTTP/1.1" 200 15
::1 - - [15/Jan/2023:21:39:02 +0000] "POST /api/upload HTTP/1.1" 200 50
::1 - - [15/Jan/2023:21:43:54 +0000] "POST /api/upload HTTP/1.1" 200 49
::1 - - [15/Jan/2023:21:48:55 +0000] "POST /api/upload HTTP/1.1" 200 50
::1 - - [15/Jan/2023:21:53:18 +0000] "POST /api/upload HTTP/1.1" 200 50
::1 - - [15/Jan/2023:21:54:54 +0000] "POST /api//login HTTP/1.1" 404 139
::1 - - [15/Jan/2023:21:55:16 +0000] "POST /api/login HTTP/1.1" 200 90
::1 - - [15/Jan/2023:21:55:30 +0000] "POST /api/login HTTP/1.1" 200 90
::1 - - [15/Jan/2023:21:55:32 +0000] "POST /api/login HTTP/1.1" 200 90
::1 - - [15/Jan/2023:21:55:33 +0000] "POST /api/login HTTP/1.1" 200 90
::1 - - [15/Jan/2023:21:55:35 +0000] "POST /api/login HTTP/1.1" 200 90
::1 - - [15/Jan/2023:21:56:26 +0000] "POST /api/login HTTP/1.1" 200 90
::1 - - [15/Jan/2023:21:56:36 +0000] "POST /api/login HTTP/1.1" 200 90
::1 - - [15/Jan/2023:21:56:59 +0000] "POST /api/login HTTP/1.1" 200 90
::1 - - [15/Jan/2023:21:57:06 +0000] "POST /api/login HTTP/1.1" 200 90
::1 - - [15/Jan/2023:21:58:34 +0000] "POST /api/login HTTP/1.1" 200 31
::1 - - [15/Jan/2023:21:59:00 +0000] "POST /api/login HTTP/1.1" 200 31
::1 - - [15/Jan/2023:22:00:45 +0000] "POST /api/login HTTP/1.1" 200 90
::1 - - [15/Jan/2023:22:00:54 +0000] "POST /api/login HTTP/1.1" 200 90
::1 - - [15/Jan/2023:22:01:58 +0000] "POST /api/login HTTP/1.1" 200 90
::1 - - [15/Jan/2023:22:02:05 +0000] "POST /api/login HTTP/1.1" 200 90
::1 - - [15/Jan/2023:22:02:46 +0000] "POST /api/login HTTP/1.1" 200 90
::1 - - [15/Jan/2023:22:02:52 +0000] "POST /api/login HTTP/1.1" 200 90
::1 - - [15/Jan/2023:22:03:21 +0000] "POST /api/login HTTP/1.1" 200 90
::1 - - [15/Jan/2023:22:03:30 +0000] "POST /api/login HTTP/1.1" 200 90
::1 - - [15/Jan/2023:22:03:52 +0000] "POST /api/login HTTP/1.1" 200 138
::1 - - [15/Jan/2023:22:04:06 +0000] "POST /api/login HTTP/1.1" 200 90
::1 - - [15/Jan/2023:22:04:08 +0000] "POST /api/login HTTP/1.1" 200 90
::1 - - [15/Jan/2023:22:04:09 +0000] "POST /api/login HTTP/1.1" 200 90
::1 - - [15/Jan/2023:22:04:10 +0000] "POST /api/login HTTP/1.1" 200 90
::1 - - [15/Jan/2023:22:04:11 +0000] "POST /api/login HTTP/1.1" 200 90
::1 - - [15/Jan/2023:22:04:12 +0000] "POST /api/login HTTP/1.1" 200 90
::1 - - [15/Jan/2023:22:04:41 +0000] "POST /api/upload HTTP/1.1" 401 43
::1 - - [15/Jan/2023:22:04:48 +0000] "POST /api/upload HTTP/1.1" 200 50
::1 - - [15/Jan/2023:22:05:59 +0000] "POST /api/upload HTTP/1.1" 200 50
::1 - - [15/Jan/2023:22:07:07 +0000] "POST /api/upload HTTP/1.1" 200 49
::1 - - [15/Jan/2023:22:09:12 +0000] "POST /api/upload HTTP/1.1" 200 50
::1 - - [15/Jan/2023:22:10:59 +0000] "POST /api/upload HTTP/1.1" 200 49
::1 - - [15/Jan/2023:22:11:24 +0000] "POST /api/upload HTTP/1.1" 200 50
::1 - - [15/Jan/2023:22:12:59 +0000] "POST /api/upload HTTP/1.1" 200 31
::1 - - [15/Jan/2023:22:15:03 +0000] "POST /api/upload HTTP/1.1" 200 31
::1 - - [15/Jan/2023:22:17:27 +0000] "POST /api/upload HTTP/1.1" 200 50
::1 - - [15/Jan/2023:22:17:56 +0000] "POST /api/upload HTTP/1.1" 200 50
::1 - - [15/Jan/2023:22:18:43 +0000] "POST /api/upload HTTP/1.1" 200 49
::1 - - [15/Jan/2023:22:20:35 +0000] "POST /api/upload HTTP/1.1" 200 49
::1 - - [15/Jan/2023:22:22:02 +0000] "POST /api/upload HTTP/1.1" 200 64
::1 - - [15/Jan/2023:22:25:02 +0000] "POST /api/upload HTTP/1.1" 200 49
::1 - - [15/Jan/2023:22:25:21 +0000] "POST /api/upload HTTP/1.1" 200 51
::1 - - [15/Jan/2023:22:47:56 +0000] "POST /api/upload HTTP/1.1" 200 51
::1 - - [15/Jan/2023:23:03:56 +0000] "POST /api/upload HTTP/1.1" 200 51
::1 - - [15/Jan/2023:23:04:00 +0000] "POST /api/upload HTTP/1.1" 200 50
::1 - - [15/Jan/2023:23:04:07 +0000] "POST /api/upload HTTP/1.1" 200 49
::1 - - [15/Jan/2023:23:06:24 +0000] "POST /api/upload HTTP/1.1" 200 49
::1 - - [15/Jan/2023:23:07:37 +0000] "POST /api/upload HTTP/1.1" 401 43
::1 - - [15/Jan/2023:23:08:09 +0000] "POST /api/upload HTTP/1.1" 200 112
::1 - - [15/Jan/2023:23:08:48 +0000] "POST /api/upload HTTP/1.1" 200 112
::1 - - [15/Jan/2023:23:08:59 +0000] "POST /api/upload HTTP/1.1" 200 49
::1 - - [15/Jan/2023:23:09:23 +0000] "POST /api/upload HTTP/1.1" 200 49
::1 - - [15/Jan/2023:23:09:38 +0000] "POST /api/upload HTTP/1.1" 200 50
::1 - - [15/Jan/2023:23:14:49 +0000] "POST /api/upload HTTP/1.1" 200 50
::1 - - [15/Jan/2023:23:14:52 +0000] "POST /api/upload HTTP/1.1" 200 65
::1 - - [15/Jan/2023:23:16:41 +0000] "POST /api/upload HTTP/1.1" 200 63
::1 - - [15/Jan/2023:23:16:52 +0000] "POST /api/upload HTTP/1.1" 200 50
::1 - - [15/Jan/2023:23:19:19 +0000] "POST /api/upload HTTP/1.1" 200 50
::1 - - [15/Jan/2023:23:19:25 +0000] "POST /api/upload HTTP/1.1" 200 81
::1 - - [16/Jan/2023:07:12:37 +0000] "POST /api/upload HTTP/1.1" 200 109
